<?xml version="1.0" encoding="UTF-8"?>
<!-- Generated by org.testng.reporters.JUnitXMLReporter -->
<testsuite ignored="0" hostname="DESKTOP-MCUKVIP" failures="0" tests="5" name="Default test" time="0.087" errors="0" timestamp="2023-10-27T14:40:27 IST">
  <testcase classname="TestingJenkins.Country1" name="eg" time="0.014"/>
  <testcase classname="TestingJenkins.Country1" name="fin" time="0.003"/>
  <testcase classname="TestingJenkins.Country1" name="ger" time="0.003"/>
  <testcase classname="TestingJenkins.Country1" name="sco" time="0.003"/>
  <testcase classname="TestingJenkins.Country1" name="spa" time="0.002"/>
</testsuite> <!-- Default test -->
