<?xml version="1.0" encoding="UTF-8"?>
<!-- Generated by org.testng.reporters.JUnitXMLReporter -->
<testsuite ignored="0" hostname="DESKTOP-MCUKVIP" failures="0" tests="15" name="Test" time="0.336" errors="0" timestamp="2023-10-27T14:39:30 IST">
  <testcase classname="TestingJenkins.Country1" name="eg" time="0.06"/>
  <testcase classname="TestingJenkins.Country1" name="fin" time="0.005"/>
  <testcase classname="TestingJenkins.Country1" name="ger" time="0.008"/>
  <testcase classname="TestingJenkins.Country1" name="sco" time="0.004"/>
  <testcase classname="TestingJenkins.Country1" name="spa" time="0.007"/>
  <testcase classname="TestingJenkins.Country2" name="ang" time="0.004"/>
  <testcase classname="TestingJenkins.Country2" name="ger" time="0.002"/>
  <testcase classname="TestingJenkins.Country2" name="ir" time="0.002"/>
  <testcase classname="TestingJenkins.Country2" name="pe" time="0.003"/>
  <testcase classname="TestingJenkins.Country2" name="ti" time="0.002"/>
  <testcase classname="TestingJenkins.Country3" name="hi" time="0.004"/>
  <testcase classname="TestingJenkins.Country3" name="il" time="0.002"/>
  <testcase classname="TestingJenkins.Country3" name="kw" time="0.002"/>
  <testcase classname="TestingJenkins.Country3" name="nor" time="0.002"/>
  <testcase classname="TestingJenkins.Country3" name="to" time="0.002"/>
</testsuite> <!-- Test -->
