<?xml version="1.0" encoding="UTF-8"?>
<testng-results ignored="0" total="5" passed="5" failed="0" skipped="0">
  <reporter-output>
  </reporter-output>
  <suite started-at="2023-10-27T14:40:27 IST" name="Default suite" finished-at="2023-10-27T14:40:27 IST" duration-ms="87">
    <groups>
    </groups>
    <test started-at="2023-10-27T14:40:27 IST" name="Default test" finished-at="2023-10-27T14:40:27 IST" duration-ms="87">
      <class name="TestingJenkins.Country1">
        <test-method signature="eg()[pri:0, instance:TestingJenkins.Country1@49139829]" started-at="2023-10-27T14:40:27 IST" name="eg" finished-at="2023-10-27T14:40:27 IST" duration-ms="14" status="PASS">
          <reporter-output>
          </reporter-output>
        </test-method> <!-- eg -->
        <test-method signature="fin()[pri:0, instance:TestingJenkins.Country1@49139829]" started-at="2023-10-27T14:40:27 IST" name="fin" finished-at="2023-10-27T14:40:27 IST" duration-ms="3" status="PASS">
          <reporter-output>
          </reporter-output>
        </test-method> <!-- fin -->
        <test-method signature="ger()[pri:0, instance:TestingJenkins.Country1@49139829]" started-at="2023-10-27T14:40:27 IST" name="ger" finished-at="2023-10-27T14:40:27 IST" duration-ms="3" status="PASS">
          <reporter-output>
          </reporter-output>
        </test-method> <!-- ger -->
        <test-method signature="sco()[pri:0, instance:TestingJenkins.Country1@49139829]" started-at="2023-10-27T14:40:27 IST" name="sco" finished-at="2023-10-27T14:40:27 IST" duration-ms="3" status="PASS">
          <reporter-output>
          </reporter-output>
        </test-method> <!-- sco -->
        <test-method signature="spa()[pri:0, instance:TestingJenkins.Country1@49139829]" started-at="2023-10-27T14:40:27 IST" name="spa" finished-at="2023-10-27T14:40:27 IST" duration-ms="2" status="PASS">
          <reporter-output>
          </reporter-output>
        </test-method> <!-- spa -->
      </class> <!-- TestingJenkins.Country1 -->
    </test> <!-- Default test -->
  </suite> <!-- Default suite -->
</testng-results>
